18:32:32 **** Build of configuration Nios II for project count_binary ****
make all 
Info: Building ../count_binary_bsp/
C:/altera/14.1/nios2eds/bin/gnu/H-x86_64-mingw32/bin/make --no-print-directory -C ../count_binary_bsp/
[BSP build complete]
[count_binary build complete]
18:32:41 **** Build of configuration Nios II for project count_binary ****
make all 
Info: Building ../count_binary_bsp/
C:/altera/14.1/nios2eds/bin/gnu/H-x86_64-mingw32/bin/make --no-print-directory -C ../count_binary_bsp/
[BSP build complete]
[count_binary build complete]
18:32:42 **** Incremental Build of configuration Nios II for project count_binary ****
make all 
Info: Building ../count_binary_bsp/
C:/altera/14.1/nios2eds/bin/gnu/H-x86_64-mingw32/bin/make --no-print-directory -C ../count_binary_bsp/
[BSP build complete]
[count_binary build complete]
18:37:29 **** Build of configuration Nios II for project count_binary ****
make all 
Info: Building ../count_binary_bsp/
C:/altera/14.1/nios2eds/bin/gnu/H-x86_64-mingw32/bin/make --no-print-directory -C ../count_binary_bsp/
[BSP build complete]
[count_binary build complete]
18:37:30 **** Incremental Build of configuration Nios II for project count_binary ****
make all 
Info: Building ../count_binary_bsp/
C:/altera/14.1/nios2eds/bin/gnu/H-x86_64-mingw32/bin/make --no-print-directory -C ../count_binary_bsp/
[BSP build complete]
[count_binary build complete]
