Info: Starting: Create block symbol file (.bsf)
Info: ip-generate --project-directory=C:\Users\dennyly\Documents\GitHub\EE_371.2\Project_3\test1 --output-directory=C:\Users\dennyly\Documents\GitHub\EE_371.2\Project_3\test1\first_nios2_system --report-file=bsf:C:\Users\dennyly\Documents\GitHub\EE_371.2\Project_3\test1\first_nios2_system\first_nios2_system.bsf --system-info=DEVICE_FAMILY="Cyclone V" --system-info=DEVICE=5CSEMA5F31C6 --system-info=DEVICE_SPEEDGRADE=6 --component-file=C:\Users\dennyly\Documents\GitHub\EE_371.2\Project_3\test1\first_nios2_system.qsys --remove-qsys-generate-warning
Progress: Loading test1/first_nios2_system.qsys
Progress: Reading input file
Progress: Adding clk_0 [clock_source 14.1]
Progress: Parameterizing module clk_0
Progress: Adding cpu [altera_nios2_qsys 14.1]
Progress: Parameterizing module cpu
Progress: Adding jtag_uart [altera_avalon_jtag_uart 14.1]
Progress: Parameterizing module jtag_uart
Progress: Adding led_pio [altera_avalon_pio 14.1]
Progress: Parameterizing module led_pio
Progress: Adding onchip_mem [altera_avalon_onchip_memory2 14.1]
Progress: Parameterizing module onchip_mem
Progress: Adding sys_clk_timer [altera_avalon_timer 14.1]
Progress: Parameterizing module sys_clk_timer
Progress: Adding sysid [altera_avalon_sysid_qsys 14.1]
Progress: Parameterizing module sysid
Progress: Building connections
Progress: Parameterizing connections
Progress: Validating
Progress: Done reading input file
Warning: first_nios2_system.cpu: Nios II Classic cores are now superseded by improved Gen 2 cores.
Info: first_nios2_system.sysid: System ID is not assigned automatically. Edit the System ID parameter to provide a unique ID
Info: first_nios2_system.sysid: Time stamp will be automatically updated when this component is generated.
Info: ip-generate succeeded.
Info: Finished: Create block symbol file (.bsf)
Info: 
Info: Starting: Create HDL design files for synthesis
Info: ip-generate --project-directory=C:\Users\dennyly\Documents\GitHub\EE_371.2\Project_3\test1 --output-directory=C:\Users\dennyly\Documents\GitHub\EE_371.2\Project_3\test1\first_nios2_system\synthesis --file-set=QUARTUS_SYNTH --report-file=html:C:\Users\dennyly\Documents\GitHub\EE_371.2\Project_3\test1\first_nios2_system\first_nios2_system.html --report-file=sopcinfo:C:\Users\dennyly\Documents\GitHub\EE_371.2\Project_3\test1\first_nios2_system.sopcinfo --report-file=cmp:C:\Users\dennyly\Documents\GitHub\EE_371.2\Project_3\test1\first_nios2_system\first_nios2_system.cmp --report-file=qip:C:\Users\dennyly\Documents\GitHub\EE_371.2\Project_3\test1\first_nios2_system\synthesis\first_nios2_system.qip --report-file=svd:C:\Users\dennyly\Documents\GitHub\EE_371.2\Project_3\test1\first_nios2_system\synthesis\first_nios2_system.svd --report-file=regmap:C:\Users\dennyly\Documents\GitHub\EE_371.2\Project_3\test1\first_nios2_system\synthesis\first_nios2_system.regmap --report-file=xml:C:\Users\dennyly\Documents\GitHub\EE_371.2\Project_3\test1\first_nios2_system\first_nios2_system.xml --report-file=debuginfo:C:\Users\dennyly\Documents\GitHub\EE_371.2\Project_3\test1\first_nios2_system\synthesis\first_nios2_system.debuginfo --system-info=DEVICE_FAMILY="Cyclone V" --system-info=DEVICE=5CSEMA5F31C6 --system-info=DEVICE_SPEEDGRADE=6 --component-file=C:\Users\dennyly\Documents\GitHub\EE_371.2\Project_3\test1\first_nios2_system.qsys --remove-qsys-generate-warning --language=VERILOG
Progress: Loading test1/first_nios2_system.qsys
Progress: Reading input file
Progress: Adding clk_0 [clock_source 14.1]
Progress: Parameterizing module clk_0
Progress: Adding cpu [altera_nios2_qsys 14.1]
Progress: Parameterizing module cpu
Progress: Adding jtag_uart [altera_avalon_jtag_uart 14.1]
Progress: Parameterizing module jtag_uart
Progress: Adding led_pio [altera_avalon_pio 14.1]
Progress: Parameterizing module led_pio
Progress: Adding onchip_mem [altera_avalon_onchip_memory2 14.1]
Progress: Parameterizing module onchip_mem
Progress: Adding sys_clk_timer [altera_avalon_timer 14.1]
Progress: Parameterizing module sys_clk_timer
Progress: Adding sysid [altera_avalon_sysid_qsys 14.1]
Progress: Parameterizing module sysid
Progress: Building connections
Progress: Parameterizing connections
Progress: Validating
Progress: Done reading input file
Warning: first_nios2_system.cpu: Nios II Classic cores are now superseded by improved Gen 2 cores.
Info: first_nios2_system.sysid: System ID is not assigned automatically. Edit the System ID parameter to provide a unique ID
Info: first_nios2_system.sysid: Time stamp will be automatically updated when this component is generated.
Info: first_nios2_system: Generating first_nios2_system "first_nios2_system" for QUARTUS_SYNTH
Info: cpu: Starting RTL generation for module 'first_nios2_system_cpu'
Info: cpu:   Generation command is [exec C:/altera/14.1/quartus/bin64/eperlcmd.exe -I C:/altera/14.1/quartus/bin64/perl/lib -I C:/altera/14.1/quartus/sopc_builder/bin/europa -I C:/altera/14.1/quartus/sopc_builder/bin/perl_lib -I C:/altera/14.1/quartus/sopc_builder/bin -I C:/altera/14.1/quartus/../ip/altera/nios2_ip/altera_nios2/cpu_lib -I C:/altera/14.1/quartus/../ip/altera/nios2_ip/altera_nios2/nios_lib -I C:/altera/14.1/quartus/../ip/altera/nios2_ip/altera_nios2 -I C:/altera/14.1/quartus/../ip/altera/nios2_ip/altera_nios2 -- C:/altera/14.1/quartus/../ip/altera/nios2_ip/altera_nios2/generate_rtl.epl --name=first_nios2_system_cpu --dir=C:/Users/dennyly/AppData/Local/Temp/alt6835_6798124358659028712.dir/0001_cpu_gen/ --quartus_bindir=C:/altera/14.1/quartus/bin64 --verilog --config=C:/Users/dennyly/AppData/Local/Temp/alt6835_6798124358659028712.dir/0001_cpu_gen//first_nios2_system_cpu_processor_configuration.pl  --do_build_sim=0  ]
Info: cpu: # 2016.02.03 17:38:24 (*) Starting Nios II generation
Info: cpu: # 2016.02.03 17:38:24 (*)   Checking for plaintext license.
Info: cpu: # 2016.02.03 17:38:26 (*)   Couldn't query license setup in Quartus directory C:/altera/14.1/quartus/bin64
Info: cpu: # 2016.02.03 17:38:26 (*)   Defaulting to contents of LM_LICENSE_FILE environment variable
Info: cpu: # 2016.02.03 17:38:26 (*)   Plaintext license not found.
Info: cpu: # 2016.02.03 17:38:26 (*)   Checking for encrypted license (non-evaluation).
Info: cpu: # 2016.02.03 17:38:28 (*)   Couldn't query license setup in Quartus directory C:/altera/14.1/quartus/bin64
Info: cpu: # 2016.02.03 17:38:28 (*)   Defaulting to contents of LM_LICENSE_FILE environment variable
Info: cpu: # 2016.02.03 17:38:28 (*)   Encrypted license found.  SOF will not be time-limited.
Info: cpu: # 2016.02.03 17:38:28 (*)   Elaborating CPU configuration settings
Info: cpu: # 2016.02.03 17:38:28 (*)   Creating all objects for CPU
Info: cpu: # 2016.02.03 17:38:29 (*)     Pipeline frontend
Info: cpu: # 2016.02.03 17:38:30 (*)   Generating RTL from CPU objects
Info: cpu: # 2016.02.03 17:38:32 (*)   Creating encrypted RTL
Info: cpu: # 2016.02.03 17:38:32 (*) Done Nios II generation
Info: cpu: Done RTL generation for module 'first_nios2_system_cpu'
Info: cpu: "first_nios2_system" instantiated altera_nios2_qsys "cpu"
Info: jtag_uart: Starting RTL generation for module 'first_nios2_system_jtag_uart'
Info: jtag_uart:   Generation command is [exec C:/altera/14.1/quartus/bin64/perl/bin/perl.exe -I C:/altera/14.1/quartus/bin64/perl/lib -I C:/altera/14.1/quartus/sopc_builder/bin/europa -I C:/altera/14.1/quartus/sopc_builder/bin/perl_lib -I C:/altera/14.1/quartus/sopc_builder/bin -I C:/altera/14.1/quartus/../ip/altera/sopc_builder_ip/common -I C:/altera/14.1/quartus/../ip/altera/sopc_builder_ip/altera_avalon_jtag_uart -- C:/altera/14.1/quartus/../ip/altera/sopc_builder_ip/altera_avalon_jtag_uart/generate_rtl.pl --name=first_nios2_system_jtag_uart --dir=C:/Users/dennyly/AppData/Local/Temp/alt6835_6798124358659028712.dir/0002_jtag_uart_gen/ --quartus_dir=C:/altera/14.1/quartus --verilog --config=C:/Users/dennyly/AppData/Local/Temp/alt6835_6798124358659028712.dir/0002_jtag_uart_gen//first_nios2_system_jtag_uart_component_configuration.pl  --do_build_sim=0  ]
Info: jtag_uart: Done RTL generation for module 'first_nios2_system_jtag_uart'
Info: jtag_uart: "first_nios2_system" instantiated altera_avalon_jtag_uart "jtag_uart"
Info: led_pio: Starting RTL generation for module 'first_nios2_system_led_pio'
Info: led_pio:   Generation command is [exec C:/altera/14.1/quartus/bin64/perl/bin/perl.exe -I C:/altera/14.1/quartus/bin64/perl/lib -I C:/altera/14.1/quartus/sopc_builder/bin/europa -I C:/altera/14.1/quartus/sopc_builder/bin/perl_lib -I C:/altera/14.1/quartus/sopc_builder/bin -I C:/altera/14.1/quartus/../ip/altera/sopc_builder_ip/common -I C:/altera/14.1/quartus/../ip/altera/sopc_builder_ip/altera_avalon_pio -- C:/altera/14.1/quartus/../ip/altera/sopc_builder_ip/altera_avalon_pio/generate_rtl.pl --name=first_nios2_system_led_pio --dir=C:/Users/dennyly/AppData/Local/Temp/alt6835_6798124358659028712.dir/0003_led_pio_gen/ --quartus_dir=C:/altera/14.1/quartus --verilog --config=C:/Users/dennyly/AppData/Local/Temp/alt6835_6798124358659028712.dir/0003_led_pio_gen//first_nios2_system_led_pio_component_configuration.pl  --do_build_sim=0  ]
Info: led_pio: Done RTL generation for module 'first_nios2_system_led_pio'
Info: led_pio: "first_nios2_system" instantiated altera_avalon_pio "led_pio"
Info: onchip_mem: Starting RTL generation for module 'first_nios2_system_onchip_mem'
Info: onchip_mem:   Generation command is [exec C:/altera/14.1/quartus/bin64/perl/bin/perl.exe -I C:/altera/14.1/quartus/bin64/perl/lib -I C:/altera/14.1/quartus/sopc_builder/bin/europa -I C:/altera/14.1/quartus/sopc_builder/bin/perl_lib -I C:/altera/14.1/quartus/sopc_builder/bin -I C:/altera/14.1/quartus/../ip/altera/sopc_builder_ip/common -I C:/altera/14.1/quartus/../ip/altera/sopc_builder_ip/altera_avalon_onchip_memory2 -- C:/altera/14.1/quartus/../ip/altera/sopc_builder_ip/altera_avalon_onchip_memory2/generate_rtl.pl --name=first_nios2_system_onchip_mem --dir=C:/Users/dennyly/AppData/Local/Temp/alt6835_6798124358659028712.dir/0004_onchip_mem_gen/ --quartus_dir=C:/altera/14.1/quartus --verilog --config=C:/Users/dennyly/AppData/Local/Temp/alt6835_6798124358659028712.dir/0004_onchip_mem_gen//first_nios2_system_onchip_mem_component_configuration.pl  --do_build_sim=0  ]
Info: onchip_mem: Done RTL generation for module 'first_nios2_system_onchip_mem'
Info: onchip_mem: "first_nios2_system" instantiated altera_avalon_onchip_memory2 "onchip_mem"
Info: sys_clk_timer: Starting RTL generation for module 'first_nios2_system_sys_clk_timer'
Info: sys_clk_timer:   Generation command is [exec C:/altera/14.1/quartus/bin64//perl/bin/perl.exe -I C:/altera/14.1/quartus/bin64//perl/lib -I C:/altera/14.1/quartus/sopc_builder/bin/europa -I C:/altera/14.1/quartus/sopc_builder/bin/perl_lib -I C:/altera/14.1/quartus/sopc_builder/bin -I C:/altera/14.1/quartus/../ip/altera/sopc_builder_ip/common -I C:/altera/14.1/quartus/../ip/altera/sopc_builder_ip/altera_avalon_timer -- C:/altera/14.1/quartus/../ip/altera/sopc_builder_ip/altera_avalon_timer/generate_rtl.pl --name=first_nios2_system_sys_clk_timer --dir=C:/Users/dennyly/AppData/Local/Temp/alt6835_6798124358659028712.dir/0005_sys_clk_timer_gen/ --quartus_dir=C:/altera/14.1/quartus --verilog --config=C:/Users/dennyly/AppData/Local/Temp/alt6835_6798124358659028712.dir/0005_sys_clk_timer_gen//first_nios2_system_sys_clk_timer_component_configuration.pl  --do_build_sim=0  ]
Info: sys_clk_timer: Done RTL generation for module 'first_nios2_system_sys_clk_timer'
Info: sys_clk_timer: "first_nios2_system" instantiated altera_avalon_timer "sys_clk_timer"
Info: sysid: "first_nios2_system" instantiated altera_avalon_sysid_qsys "sysid"
Info: mm_interconnect_0: "first_nios2_system" instantiated altera_mm_interconnect "mm_interconnect_0"
Info: irq_mapper: "first_nios2_system" instantiated altera_irq_mapper "irq_mapper"
Info: rst_controller: "first_nios2_system" instantiated altera_reset_controller "rst_controller"
Info: cpu_data_master_translator: "mm_interconnect_0" instantiated altera_merlin_master_translator "cpu_data_master_translator"
Info: jtag_uart_avalon_jtag_slave_translator: "mm_interconnect_0" instantiated altera_merlin_slave_translator "jtag_uart_avalon_jtag_slave_translator"
Info: cpu_data_master_agent: "mm_interconnect_0" instantiated altera_merlin_master_agent "cpu_data_master_agent"
Info: jtag_uart_avalon_jtag_slave_agent: "mm_interconnect_0" instantiated altera_merlin_slave_agent "jtag_uart_avalon_jtag_slave_agent"
Info: jtag_uart_avalon_jtag_slave_agent_rsp_fifo: "mm_interconnect_0" instantiated altera_avalon_sc_fifo "jtag_uart_avalon_jtag_slave_agent_rsp_fifo"
Info: router: "mm_interconnect_0" instantiated altera_merlin_router "router"
Info: router_001: "mm_interconnect_0" instantiated altera_merlin_router "router_001"
Info: router_002: "mm_interconnect_0" instantiated altera_merlin_router "router_002"
Info: router_004: "mm_interconnect_0" instantiated altera_merlin_router "router_004"
Info: cpu_instruction_master_limiter: "mm_interconnect_0" instantiated altera_merlin_traffic_limiter "cpu_instruction_master_limiter"
Info: Reusing file C:/Users/dennyly/Documents/GitHub/EE_371.2/Project_3/test1/first_nios2_system/synthesis/submodules/altera_avalon_sc_fifo.v
Info: cmd_demux: "mm_interconnect_0" instantiated altera_merlin_demultiplexer "cmd_demux"
Info: cmd_demux_001: "mm_interconnect_0" instantiated altera_merlin_demultiplexer "cmd_demux_001"
Info: cmd_mux: "mm_interconnect_0" instantiated altera_merlin_multiplexer "cmd_mux"
Info: cmd_mux_002: "mm_interconnect_0" instantiated altera_merlin_multiplexer "cmd_mux_002"
Info: Reusing file C:/Users/dennyly/Documents/GitHub/EE_371.2/Project_3/test1/first_nios2_system/synthesis/submodules/altera_merlin_arbitrator.sv
Info: rsp_demux: "mm_interconnect_0" instantiated altera_merlin_demultiplexer "rsp_demux"
Info: rsp_demux_002: "mm_interconnect_0" instantiated altera_merlin_demultiplexer "rsp_demux_002"
Info: rsp_mux: "mm_interconnect_0" instantiated altera_merlin_multiplexer "rsp_mux"
Info: Reusing file C:/Users/dennyly/Documents/GitHub/EE_371.2/Project_3/test1/first_nios2_system/synthesis/submodules/altera_merlin_arbitrator.sv
Info: rsp_mux_001: "mm_interconnect_0" instantiated altera_merlin_multiplexer "rsp_mux_001"
Info: Reusing file C:/Users/dennyly/Documents/GitHub/EE_371.2/Project_3/test1/first_nios2_system/synthesis/submodules/altera_merlin_arbitrator.sv
Info: first_nios2_system: Done "first_nios2_system" with 28 modules, 46 files
Info: ip-generate succeeded.
Info: Finished: Create HDL design files for synthesis
